<?xml version="1.0" encoding="UTF-8"?>
<!-- Generated by org.testng.reporters.JUnitReportReporter -->
<testsuite skipped="0" hostname="DESKTOP-OUFAM2L" name="com.omrbranch.LoginWithResponse" tests="1" failures="0" timestamp="03 Sep 2022 05:20:32 GMT" time="3.794" errors="0">
  <testcase name="login" time="3.794" classname="com.omrbranch.LoginWithResponse"/>
</testsuite> <!-- com.omrbranch.LoginWithResponse -->
