<?xml version="1.0" encoding="UTF-8"?>
<!-- Generated by org.testng.reporters.JUnitReportReporter -->
<testsuite skipped="0" hostname="DESKTOP-OUFAM2L" name="com.omrbranch.UserAddress" tests="6" failures="0" timestamp="06 Sep 2022 07:03:43 GMT" time="21.927" errors="0">
  <testcase name="login" time="4.910" classname="com.omrbranch.UserAddress"/>
  <testcase name="addUserAddress" time="1.565" classname="com.omrbranch.UserAddress"/>
  <testcase name="updateUserAddress" time="2.005" classname="com.omrbranch.UserAddress"/>
  <testcase name="getUserAddresses" time="3.329" classname="com.omrbranch.UserAddress"/>
  <testcase name="deleteUserAddress" time="3.512" classname="com.omrbranch.UserAddress"/>
  <testcase name="changeProfilePic" time="6.606" classname="com.omrbranch.UserAddress"/>
</testsuite> <!-- com.omrbranch.UserAddress -->
