<?xml version="1.0" encoding="UTF-8"?>
<!-- Generated by org.testng.reporters.JUnitReportReporter -->
<testsuite skipped="0" hostname="DESKTOP-OUFAM2L" name="com.omrbranch.Login" tests="1" failures="0" timestamp="02 Sep 2022 19:08:18 GMT" time="4.604" errors="0">
  <testcase name="login" time="4.604" classname="com.omrbranch.Login"/>
</testsuite> <!-- com.omrbranch.Login -->
