<?xml version="1.0" encoding="UTF-8"?>
<!-- Generated by org.testng.reporters.JUnitReportReporter -->
<testsuite skipped="0" hostname="DESKTOP-OUFAM2L" name="com.pojo.Login_Output_Pojo" tests="1" failures="0" timestamp="03 Sep 2022 02:59:54 GMT" time="6.649" errors="0">
  <testcase name="login" time="6.649" classname="com.pojo.Login_Output_Pojo"/>
</testsuite> <!-- com.pojo.Login_Output_Pojo -->
