<?xml version="1.0" encoding="UTF-8"?>
<!-- Generated by org.testng.reporters.JUnitReportReporter -->
<testsuite skipped="0" hostname="DESKTOP-OUFAM2L" name="com.omrbranch.BasicAuth" tests="1" failures="0" timestamp="03 Sep 2022 03:52:58 GMT" time="4.786" errors="0">
  <testcase name="login" time="4.786" classname="com.omrbranch.BasicAuth"/>
</testsuite> <!-- com.omrbranch.BasicAuth -->
