<?xml version="1.0" encoding="UTF-8"?>
<!-- Generated by org.testng.reporters.JUnitReportReporter -->
<testsuite skipped="0" hostname="DESKTOP-OUFAM2L" name="com.omrbranch.AddUserAddress" tests="2" failures="0" timestamp="03 Sep 2022 11:41:30 GMT" time="7.989" errors="0">
  <testcase name="login" time="5.842" classname="com.omrbranch.AddUserAddress"/>
  <testcase name="addUserAddress" time="2.147" classname="com.omrbranch.AddUserAddress"/>
</testsuite> <!-- com.omrbranch.AddUserAddress -->
